{"meta": {"version": "6.5.0", "timestamp": "2022-11-05T22:02:06.104609", "branch_coverage": false, "show_contexts": false}, "files": {"gendiff.py": {"executed_lines": [1, 2, 4, 5, 6, 7, 13, 14, 15, 16, 17, 19, 20, 21, 22, 23, 24, 25, 26, 27, 32, 34, 35, 36, 37, 38, 39, 40, 42, 44, 49, 53, 56, 59, 61, 71, 76, 77, 78, 79, 80, 81, 82, 83, 86, 87, 88, 89, 90, 93, 94, 95, 96, 101, 102, 103, 104, 105, 106, 107, 108, 109, 110, 111, 112, 117, 118, 119, 120], "summary": {"covered_lines": 69, "num_statements": 71, "percent_covered": 97.1830985915493, "percent_covered_display": "97", "missing_lines": 2, "excluded_lines": 0}, "missing_lines": [66, 67], "excluded_lines": []}, "gendiff_json.py": {"executed_lines": [1, 4, 5, 6], "summary": {"covered_lines": 4, "num_statements": 4, "percent_covered": 100.0, "percent_covered_display": "100", "missing_lines": 0, "excluded_lines": 0}, "missing_lines": [], "excluded_lines": []}, "gendiff_plain.py": {"executed_lines": [1, 2, 3, 8, 9, 10, 11, 12, 13, 14, 15, 17, 18, 21, 22, 23, 24, 25, 27, 28, 30, 31, 32, 34, 35, 36, 37, 38, 42, 43, 44, 45, 49, 50, 51, 52, 53, 57, 58, 59, 60, 61, 62, 63, 65], "summary": {"covered_lines": 45, "num_statements": 45, "percent_covered": 100.0, "percent_covered_display": "100", "missing_lines": 0, "excluded_lines": 0}, "missing_lines": [], "excluded_lines": []}, "gendiff_stylish.py": {"executed_lines": [1, 4, 5, 7, 8, 9, 10, 11, 12, 13, 15, 17, 18, 20, 21, 25, 26, 28], "summary": {"covered_lines": 18, "num_statements": 18, "percent_covered": 100.0, "percent_covered_display": "100", "missing_lines": 0, "excluded_lines": 0}, "missing_lines": [], "excluded_lines": []}, "tests/test_gendiff.py": {"executed_lines": [1, 2, 4, 7, 8, 12, 13, 14, 15, 18, 19, 23, 28, 29, 33, 34, 35, 36, 39, 40, 44, 47, 48, 52, 55, 56, 57, 60, 61, 65, 66, 67, 68, 71, 72, 77, 78, 79, 80, 83, 84, 89, 90, 91, 92], "summary": {"covered_lines": 45, "num_statements": 45, "percent_covered": 100.0, "percent_covered_display": "100", "missing_lines": 0, "excluded_lines": 0}, "missing_lines": [], "excluded_lines": []}}, "totals": {"covered_lines": 181, "num_statements": 183, "percent_covered": 98.90710382513662, "percent_covered_display": "99", "missing_lines": 2, "excluded_lines": 0}}